<?xml version="1.0" encoding="UTF-8"?>
<testsuite name="tourGuide.TestPerformance" tests="1" skipped="0" failures="0" errors="0" timestamp="2021-06-07T22:00:40" hostname="DESKTOP-RSBBCJ8" time="0.224">
  <properties/>
  <testcase name="highVolumeTrackLocation" classname="tourGuide.TestPerformance" time="0.224"/>
  <system-out><![CDATA[00:00:40.729 [Test worker] INFO tourGuide.service.TourGuideService - TestMode enabled
00:00:40.734 [Test worker] DEBUG tourGuide.service.TourGuideService - Initializing users
00:00:40.795 [Test worker] DEBUG tourGuide.service.TourGuideService - Created 1 internal test users.
00:00:40.795 [Test worker] DEBUG tourGuide.service.TourGuideService - Finished initializing users
00:00:40.801 [pool-1-thread-1] DEBUG tourGuide.tracker.Tracker - Begin Tracker. Tracking 1 users.
Visited locationgpsUtil.location.VisitedLocation@7c6a107f
Visited locationgpsUtil.location.VisitedLocation@4efe8cfc
highVolumeTrackLocation: Time Elapsed: 0 seconds.
]]></system-out>
  <system-err><![CDATA[Jun 08, 2021 12:00:40 AM org.javamoney.moneta.DefaultMonetaryContextFactory createMonetaryContextNonNullConfig
INFO: Using custom MathContext: precision=256, roundingMode=HALF_EVEN
]]></system-err>
</testsuite>
