<?xml version="1.0" encoding="UTF-8"?>
<testsuite name="tourGuide.TestPerformance" tests="1" skipped="0" failures="0" errors="0" timestamp="2021-06-09T19:08:48" hostname="DESKTOP-RSBBCJ8" time="18.949">
  <properties/>
  <testcase name="highVolumeTrackLocation" classname="tourGuide.TestPerformance" time="18.949"/>
  <system-out><![CDATA[21:08:48.243 [Test worker] INFO tourGuide.service.TourGuideService - TestMode enabled
21:08:48.249 [Test worker] DEBUG tourGuide.service.TourGuideService - Initializing users
21:08:49.539 [Test worker] DEBUG tourGuide.service.TourGuideService - Created 100000 internal test users.
21:08:49.539 [Test worker] DEBUG tourGuide.service.TourGuideService - Finished initializing users
21:08:49.575 [pool-2-thread-1] DEBUG tourGuide.tracker.Tracker - Begin Tracker. Tracking 100000 users.
highVolumeTrackLocation: Time Elapsed: 17 seconds.
]]></system-out>
  <system-err><![CDATA[Jun 09, 2021 9:08:48 PM org.javamoney.moneta.DefaultMonetaryContextFactory createMonetaryContextNonNullConfig
INFO: Using custom MathContext: precision=256, roundingMode=HALF_EVEN
]]></system-err>
</testsuite>
